@echo off
setlocal enabledelayedexpansion

chcp 65001 > nul

:: –ò–Ω–∏—Ü–∏–∞–ª–∏–∑–∞—Ü–∏—è —Ü–≤–µ—Ç–æ–≤ –¥–ª—è Windows
call :init_colors

:: –§—É–Ω–∫—Ü–∏—è –¥–ª—è –∫—Ä–∞—Å–∏–≤–æ–≥–æ –≤—ã–≤–æ–¥–∞
call :print_header "Light Test Runner"
echo.

:: –ö–æ–Ω—Ñ–∏–≥—É—Ä–∞—Ü–∏—è –ø—Ä–æ–µ–∫—Ç–∞ (—Ç–∏—Ö–æ)
call :print_step "Configuring project"
cmake -DCMAKE_BUILD_TYPE:STRING=Debug -DCMAKE_EXPORT_COMPILE_COMMANDS:BOOL=TRUE --no-warn-unused-cli -S . -B ./build -G Ninja > nul 2>&1

if %errorlevel% neq 0 (
    call :print_error "Configuration failed"
    echo.
    call :print_info "Running with verbose output to see error:"
    cmake -DCMAKE_BUILD_TYPE:STRING=Debug -DCMAKE_EXPORT_COMPILE_COMMANDS:BOOL=TRUE --no-warn-unused-cli -S . -B ./build -G Ninja
    exit /b %errorlevel%
)
call :print_success "Configuration complete"
echo.

:: –°–±–æ—Ä–∫–∞ —Ç–µ—Å—Ç–æ–≤ (—Ç–∏—Ö–æ)
call :print_step "Building tests"
cmake --build ./build --config Debug --target tests -- > nul 2>&1

if %errorlevel% neq 0 (
    call :print_error "Build failed"
    echo.
    call :print_info "Running with verbose output to see error:"
    cmake --build ./build --config Debug --target tests --
    exit /b %errorlevel%
)
call :print_success "Build complete"
echo.

:: –ó–∞–ø—É—Å–∫ —Ç–µ—Å—Ç–æ–≤
call :print_step "Running tests"

:: –°–æ–∑–¥–∞—ë–º –≤—Ä–µ–º–µ–Ω–Ω—ã–π —Ñ–∞–π–ª –¥–ª—è –≤—ã–≤–æ–¥–∞
set "temp_file=%TEMP%\test_output_%RANDOM%.tmp"
set "done_file=%TEMP%\test_done_%RANDOM%.tmp"

:: –ó–∞–ø—É—Å–∫–∞–µ–º —Ç–µ—Å—Ç—ã
call :print_info "Executing test suite..."

:: –£–±–∏—Ä–∞–µ–º —Å–ª–æ–∂–Ω—É—é –∞–Ω–∏–º–∞—Ü–∏—é –∏ –∑–∞–ø—É—Å–∫–∞–µ–º –ø—Ä–æ—Å—Ç–æ
.\build\tests\tests.exe > "%temp_file%" 2>&1
set "test_result=%errorlevel%"

:: –ü–∞—Ä—Å–∏–º —Ä–µ–∑—É–ª—å—Ç–∞—Ç—ã
set "total=0"
set "passed=0"
set "failed=0"

:: –ë–æ–ª–µ–µ –Ω–∞–¥—ë–∂–Ω—ã–π –ø–∞—Ä—Å–∏–Ω–≥
if exist "%temp_file%" (
    for /f "tokens=1-7" %%a in ('type "%temp_file%" ^| findstr "Summary:"') do (
        set "passed=%%c"
        set "failed=%%e"
        set "total=%%g"
        
        :: –£–±–∏—Ä–∞–µ–º –≤–æ–∑–º–æ–∂–Ω—ã–µ –ª–∏—à–Ω–∏–µ —Å–∏–º–≤–æ–ª—ã
        set "passed=!passed:,=!"
        set "failed=!failed:,=!"
        set "total=!total:,=!"
    )
)

:: –ö–æ–ø–∏—Ä—É–µ–º –≤ results.json
if exist "%temp_file%" (
    copy "%temp_file%" .\tests\results.json > nul
    del "%temp_file%"
) else (
    call :print_warning "No test output generated"
    set "test_result=1"
)

:: –í—ã–≤–æ–¥–∏–º —Ä–µ–∑—É–ª—å—Ç–∞—Ç—ã
echo.
call :print_divider
echo.

if %test_result% equ 0 (
    call :print_success "All tests passed! üéâ"
) else (
    call :print_error "Some tests failed! ‚ùå"
)

echo.
call :print_stats "TOTAL" "%total%"
call :print_stats "PASSED" "%passed%"
call :print_stats "FAILED" "%failed%"

:: –°—á–∏—Ç–∞–µ–º –ø—Ä–æ—Ü–µ–Ω—Ç —É—Å–ø–µ—à–Ω—ã—Ö
if %total% gtr 0 (
    set /a "success_rate=passed * 100 / total" 2>nul
) else (
    set "success_rate=0"
)

:: –ü—Ä–æ–≤–µ—Ä—è–µ–º, —á—Ç–æ success_rate —á–∏—Å–ª–æ
if "!success_rate!"=="" set "success_rate=0"

:: –ü—Ä–æ–≥—Ä–µ—Å—Å-–±–∞—Ä
call :print_progress_bar %success_rate%

echo.
call :print_info "Results saved to: .\tests\results.json"

:: –ï—Å–ª–∏ –µ—Å—Ç—å Python, –≥–µ–Ω–µ—Ä–∏—Ä—É–µ–º HTML –æ—Ç—á—ë—Ç
where python > nul 2>&1
if %errorlevel% equ 0 (
    echo.
    call :print_step "Generating HTML report"
    
    if exist ".\tools\test_results_to_html.py" (
        python .\tools\test_results_to_html.py > nul 2>&1
        
        if !errorlevel! equ 0 (
            call :print_success "HTML report generated: tests\results.html"
            
            :: –°–ø—Ä–∞—à–∏–≤–∞–µ–º, –æ—Ç–∫—Ä—ã—Ç—å –ª–∏ HTML —Å—Ç—Ä–∞–Ω–∏—Ü—É
            echo.
            call :print_info "Do you want to open the HTML report? (y/n)"
            set /p "open_choice="
            
            if /i "!open_choice!"=="y" (
                call :print_step "Opening HTML report..."
                if exist "tests\results.html" (
                    start tests\results.html
                    call :print_success "Browser opened"
                ) else (
                    call :print_warning "HTML file not found"
                )
            ) else (
                call :print_info "Skipping HTML report opening"
            )
        ) else (
            call :print_warning "HTML report generation failed"
        )
    ) else (
        call :print_warning "HTML generator script not found"
    )
) else (
    echo.
    call :print_warning "Python not found - skipping HTML report generation"
)

echo.
call :print_divider
echo.
call :print_success "Done! üöÄ"
echo.

exit /b %test_result%

:: –ò–Ω–∏—Ü–∏–∞–ª–∏–∑–∞—Ü–∏—è —Ü–≤–µ—Ç–æ–≤ –¥–ª—è Windows
:init_colors
:: –ü—Ä–æ–≤–µ—Ä—è–µ–º, –ø–æ–¥–¥–µ—Ä–∂–∏–≤–∞–µ—Ç –ª–∏ –∫–æ–Ω—Å–æ–ª—å ANSI
for /f "tokens=4,5 delims=." %%a in ('ver') do set "version=%%a%%b"
if "%version%" GEQ "1000" (
    :: Windows 10 –∏ –≤—ã—à–µ - –ø–æ–¥–¥–µ—Ä–∂–∏–≤–∞—é—Ç ANSI
    set "GREEN=[92m"
    set "YELLOW=[93m"
    set "RED=[91m"
    set "CYAN=[96m"
    set "WHITE=[97m"
    set "RESET=[0m"
) else (
    :: –°—Ç–∞—Ä—ã–µ Windows - –±–µ–∑ —Ü–≤–µ—Ç–æ–≤
    set "GREEN="
    set "YELLOW="
    set "RED="
    set "CYAN="
    set "WHITE="
    set "RESET="
)
goto :eof

:: –§—É–Ω–∫—Ü–∏–∏ –¥–ª—è –∫—Ä–∞—Å–∏–≤–æ–≥–æ –≤—ã–≤–æ–¥–∞
:print_header
echo %CYAN%‚ïî‚ïê‚ïê‚ïê‚ïê‚ïê‚ïê‚ïê‚ïê‚ïê‚ïê‚ïê‚ïê‚ïê‚ïê‚ïê‚ïê‚ïê‚ïê‚ïê‚ïê‚ïê‚ïê‚ïê‚ïê‚ïê‚ïê‚ïê‚ïê‚ïê‚ïê‚ïê‚ïê‚ïê‚ïê‚ïê‚ïê‚ïê‚ïê‚ïê‚ïê‚ïê‚ïê‚ïê‚ïê‚ïê‚ïê‚ïê‚ïê‚ïê‚ïê‚ïê‚ïê‚ïê‚ïê‚ïê‚ïê‚ïê‚ïê‚ïê‚ïê‚ïó%RESET%
echo %CYAN%‚ïë%RESET%                    %WHITE%%~1%RESET%                     %CYAN%‚ïë%RESET%
echo %CYAN%‚ïö‚ïê‚ïê‚ïê‚ïê‚ïê‚ïê‚ïê‚ïê‚ïê‚ïê‚ïê‚ïê‚ïê‚ïê‚ïê‚ïê‚ïê‚ïê‚ïê‚ïê‚ïê‚ïê‚ïê‚ïê‚ïê‚ïê‚ïê‚ïê‚ïê‚ïê‚ïê‚ïê‚ïê‚ïê‚ïê‚ïê‚ïê‚ïê‚ïê‚ïê‚ïê‚ïê‚ïê‚ïê‚ïê‚ïê‚ïê‚ïê‚ïê‚ïê‚ïê‚ïê‚ïê‚ïê‚ïê‚ïê‚ïê‚ïê‚ïê‚ïê‚ïù%RESET%
goto :eof

:print_step
echo %YELLOW%‚öô %~1%RESET%
goto :eof

:print_success
echo %GREEN%‚úì %~1%RESET%
goto :eof

:print_error
echo %RED%‚úó %~1%RESET%
goto :eof

:print_info
echo %CYAN%‚Ñπ %~1%RESET%
goto :eof

:print_warning
echo %YELLOW%‚ö† %~1%RESET%
goto :eof

:print_divider
echo %CYAN%‚îÄ‚îÄ‚îÄ‚îÄ‚îÄ‚îÄ‚îÄ‚îÄ‚îÄ‚îÄ‚îÄ‚îÄ‚îÄ‚îÄ‚îÄ‚îÄ‚îÄ‚îÄ‚îÄ‚îÄ‚îÄ‚îÄ‚îÄ‚îÄ‚îÄ‚îÄ‚îÄ‚îÄ‚îÄ‚îÄ‚îÄ‚îÄ‚îÄ‚îÄ‚îÄ‚îÄ‚îÄ‚îÄ‚îÄ‚îÄ‚îÄ‚îÄ‚îÄ‚îÄ‚îÄ‚îÄ‚îÄ‚îÄ‚îÄ‚îÄ‚îÄ‚îÄ‚îÄ‚îÄ‚îÄ‚îÄ‚îÄ‚îÄ‚îÄ‚îÄ‚îÄ‚îÄ‚îÄ‚îÄ%RESET%
goto :eof

:print_stats
set "label=%~1"
set "value=%~2"
set "spaces=                    "
set "padded_label=%label%%spaces%"
set "padded_label=!padded_label:~0,10!"

if "%label%"=="PASSED" (
    echo %GREEN%!padded_label! : %value%%RESET%
) else if "%label%"=="FAILED" (
    echo %RED%!padded_label! : %value%%RESET%
) else (
    echo %WHITE%!padded_label! : %value%%RESET%
)
goto :eof

:print_progress_bar
set "rate=%~1"
set "bar_width=50"
set /a "filled=rate * bar_width / 100" 2>nul
set /a "empty=bar_width - filled" 2>nul

:: –ü—Ä–æ–≤–µ—Ä—è–µ–º, —á—Ç–æ filled –∏ empty —á–∏—Å–ª–∞
if "!filled!"=="" set "filled=0"
if "!empty!"=="" set "empty=%bar_width%"

set "bar="
for /l %%i in (1,1,%filled%) do set "bar=!bar!‚ñà"
for /l %%i in (1,1,%empty%) do set "bar=!bar!‚ñë"

echo %CYAN%Progress : [%RESET%!bar!%CYAN%] %rate%%%%RESET%
goto :eof